<?xml version="1.0" encoding="UTF-8"?>
<!-- Generated by org.testng.reporters.JUnitReportReporter -->
<testsuite hostname="DESKTOP-2H052U4" failures="0" tests="3" name="Test_case.simplilearnlogin" time="39.382" errors="0" timestamp="2022-09-19T14:07:59 IST" skipped="0">
  <testcase classname="Test_case.simplilearnlogin" name="Test2" time="13.307"/>
  <system-out/>
  <testcase classname="Test_case.simplilearnlogin" name="Test1" time="11.581"/>
  <system-out/>
  <testcase classname="Test_case.simplilearnlogin" name="Test3" time="14.494"/>
  <system-out/>
</testsuite> <!-- Test_case.simplilearnlogin -->
