<?xml version="1.0" encoding="UTF-8"?>
<!-- Generated by org.testng.reporters.JUnitReportReporter -->
<testsuite hostname="DESKTOP-2H052U4" failures="0" tests="3" name="Test_case.simplilearnlogin" time="63.117" errors="0" timestamp="2022-09-18T10:56:05 IST" skipped="0">
  <testcase classname="Test_case.simplilearnlogin" name="Test2" time="17.964"/>
  <system-out/>
  <testcase classname="Test_case.simplilearnlogin" name="Test1" time="21.737"/>
  <system-out/>
  <testcase classname="Test_case.simplilearnlogin" name="Test3" time="23.416"/>
  <system-out/>
</testsuite> <!-- Test_case.simplilearnlogin -->
