<?xml version="1.0" encoding="UTF-8"?>
<!-- Generated by org.testng.reporters.JUnitReportReporter -->
<testsuite skipped="0" hostname="DESKTOP-2H052U4" name="Test_case.homeTest" tests="1" failures="0" timestamp="2022-09-18T12:27:13 IST" time="15.929" errors="0">
  <testcase name="Test1" time="15.929" classname="Test_case.homeTest"/>
  <system-out/>
</testsuite> <!-- Test_case.homeTest -->
